// 重构日志: 7668fea6
// 重构日志: d92a043d
// 同步 ID: ff877cc1 @ Fri Jun 12 14:56:18 UTC 2026
// 重构日志: 2e843790
// 重构日志: b69674dd
// 重构日志: dbd0e5fe
// 同步 ID: 9e6b7b40 @ Sun Jun 14 11:55:38 UTC 2026
// 重构日志: a42407d4
// 同步 ID: bad0585a @ Wed Jun 17 00:49:43 UTC 2026
// 重构日志: 24d58d9c
// 重构日志: b781ba67
// 重构日志: 6625fa78
// 重构日志: 58a7072c
// 重构日志: 97029adb
// 重构日志: 4278202b
// 重构日志: 32486482
// 重构日志: a8bf38aa
// 重构日志: db1604e5
// 重构日志: 18472478
// 重构日志: f59e083e
// 重构日志: 6e964583
// 重构日志: b4f27346
// 同步 ID: 083d4bd6 @ Thu Jun 25 12:38:32 UTC 2026
// 同步 ID: 259bde30 @ Fri Jun 26 03:20:22 UTC 2026
// 同步 ID: 19eb7f8c @ Fri Jun 26 07:38:35 UTC 2026
// 重构日志: c943e174
// 重构日志: fb07847c
// 同步 ID: 241f0de8 @ Sun Jun 28 09:04:12 UTC 2026
// 同步 ID: babed707 @ Sun Jun 28 13:47:23 UTC 2026
// 同步 ID: cceab7f1 @ Sun Jun 28 17:24:13 UTC 2026
